<?xml version="1.0" encoding="UTF-8"?>
<testsuite name="choizeus.study.StudyApplicationTests" tests="2" skipped="0" failures="0" errors="0" timestamp="2024-06-23T11:18:18" hostname="choizeus-MacBookPro.local" time="2.746">
  <properties/>
  <testcase name="findParent()" classname="choizeus.study.StudyApplicationTests" time="1.572"/>
  <testcase name="pagingTest()" classname="choizeus.study.StudyApplicationTests" time="1.173"/>
  <system-out><![CDATA[20:18:12.471 [Test worker] INFO org.springframework.test.context.support.AnnotationConfigContextLoaderUtils -- Could not detect default configuration classes for test class [choizeus.study.StudyApplicationTests]: StudyApplicationTests does not declare any static, non-private, non-final, nested classes annotated with @Configuration.
20:18:12.533 [Test worker] INFO org.springframework.boot.test.context.SpringBootTestContextBootstrapper -- Found @SpringBootConfiguration choizeus.study.StudyApplication for test class choizeus.study.StudyApplicationTests

  .   ____          _            __ _ _
 /\\ / ___'_ __ _ _(_)_ __  __ _ \ \ \ \
( ( )\___ | '_ | '_| | '_ \/ _` | \ \ \ \
 \\/  ___)| |_)| | | | | || (_| |  ) ) ) )
  '  |____| .__|_| |_|_| |_\__, | / / / /
 =========|_|==============|___/=/_/_/_/
 :: Spring Boot ::                (v3.2.5)

2024-06-23T20:18:12.772+09:00  INFO 23669 --- [    Test worker] choizeus.study.StudyApplicationTests     : Starting StudyApplicationTests using Java 17.0.7 with PID 23669 (started by choizeus in /Users/choizeus/smu/멋사/12기/spring/study)
2024-06-23T20:18:12.773+09:00  INFO 23669 --- [    Test worker] choizeus.study.StudyApplicationTests     : The following 1 profile is active: "aws"
2024-06-23T20:18:13.103+09:00  INFO 23669 --- [    Test worker] .s.d.r.c.RepositoryConfigurationDelegate : Bootstrapping Spring Data JPA repositories in DEFAULT mode.
2024-06-23T20:18:13.130+09:00  INFO 23669 --- [    Test worker] .s.d.r.c.RepositoryConfigurationDelegate : Finished Spring Data repository scanning in 22 ms. Found 2 JPA repository interfaces.
2024-06-23T20:18:13.317+09:00  INFO 23669 --- [    Test worker] o.hibernate.jpa.internal.util.LogHelper  : HHH000204: Processing PersistenceUnitInfo [name: default]
2024-06-23T20:18:13.352+09:00  INFO 23669 --- [    Test worker] org.hibernate.Version                    : HHH000412: Hibernate ORM core version 6.4.4.Final
2024-06-23T20:18:13.370+09:00  INFO 23669 --- [    Test worker] o.h.c.internal.RegionFactoryInitiator    : HHH000026: Second-level cache disabled
2024-06-23T20:18:13.493+09:00  INFO 23669 --- [    Test worker] o.s.o.j.p.SpringPersistenceUnitInfo      : No LoadTimeWeaver setup: ignoring JPA class transformer
2024-06-23T20:18:13.510+09:00  INFO 23669 --- [    Test worker] com.zaxxer.hikari.HikariDataSource       : HikariPool-1 - Starting...
2024-06-23T20:18:14.831+09:00  INFO 23669 --- [    Test worker] com.zaxxer.hikari.pool.HikariPool        : HikariPool-1 - Added connection org.mariadb.jdbc.Connection@8383a14
2024-06-23T20:18:14.834+09:00  INFO 23669 --- [    Test worker] com.zaxxer.hikari.HikariDataSource       : HikariPool-1 - Start completed.
2024-06-23T20:18:15.793+09:00  INFO 23669 --- [    Test worker] o.h.e.t.j.p.i.JtaPlatformInitiator       : HHH000489: No JTA platform available (set 'hibernate.transaction.jta.platform' to enable JTA platform integration)
2024-06-23T20:18:17.645+09:00  INFO 23669 --- [    Test worker] j.LocalContainerEntityManagerFactoryBean : Initialized JPA EntityManagerFactory for persistence unit 'default'
2024-06-23T20:18:17.842+09:00  INFO 23669 --- [    Test worker] o.s.d.j.r.query.QueryEnhancerFactory     : Hibernate is in classpath; If applicable, HQL parser will be used.
2024-06-23T20:18:18.096+09:00  WARN 23669 --- [    Test worker] JpaBaseConfiguration$JpaWebConfiguration : spring.jpa.open-in-view is enabled by default. Therefore, database queries may be performed during view rendering. Explicitly configure spring.jpa.open-in-view to disable this warning
2024-06-23T20:18:18.359+09:00  INFO 23669 --- [    Test worker] choizeus.study.StudyApplicationTests     : Started StudyApplicationTests in 5.744 seconds (process running for 6.314)
?[35m[Hibernate]?[0m 
    ?[34mselect?[0m
        ?[34mdistinct?[0m p1_0.id,
        p1_0.age,
        p1_0.name 
    ?[34mfrom?[0m
        parent p1_0 
    ?[34mwhere?[0m
        p1_0.name=? 
    ?[34morder?[0m ?[34mby?[0m
        p1_0.name desc 
    limit
        ?, ?
test1234
test1234
?[35m[Hibernate]?[0m 
    ?[34mselect?[0m
        p1_0.id,
        p1_0.age,
        p1_0.name 
    ?[34mfrom?[0m
        parent p1_0 
    ?[34mwhere?[0m
        p1_0.id=?
?[35m[Hibernate]?[0m 
    ?[34mselect?[0m
        c1_0.id,
        c1_0.name,
        c1_0.parent_id 
    ?[34mfrom?[0m
        child c1_0 
    ?[34mwhere?[0m
        c1_0.id=?
ResponseDTO(childName=1234, parentName=choizeus, parentAge=30)
]]></system-out>
  <system-err><![CDATA[]]></system-err>
</testsuite>
